{
  "C:\\Users\\vince\\Documents\\Capstone Testing_coverage\\Capstone_2024\\frontend\\src\\context\\CartContext.js": {
    "path": "C:\\Users\\vince\\Documents\\Capstone Testing_coverage\\Capstone_2024\\frontend\\src\\context\\CartContext.js",
    "statementMap": {
      "0": {
        "start": {
          "line": 3,
          "column": 27
        },
        "end": {
          "line": 3,
          "column": 42
        }
      },
      "1": {
        "start": {
          "line": 5,
          "column": 28
        },
        "end": {
          "line": 67,
          "column": 1
        }
      },
      "2": {
        "start": {
          "line": 6,
          "column": 26
        },
        "end": {
          "line": 9,
          "column": 4
        }
      },
      "3": {
        "start": {
          "line": 7,
          "column": 22
        },
        "end": {
          "line": 7,
          "column": 50
        }
      },
      "4": {
        "start": {
          "line": 8,
          "column": 4
        },
        "end": {
          "line": 8,
          "column": 50
        }
      },
      "5": {
        "start": {
          "line": 12,
          "column": 2
        },
        "end": {
          "line": 14,
          "column": 13
        }
      },
      "6": {
        "start": {
          "line": 13,
          "column": 4
        },
        "end": {
          "line": 13,
          "column": 55
        }
      },
      "7": {
        "start": {
          "line": 16,
          "column": 20
        },
        "end": {
          "line": 31,
          "column": 3
        }
      },
      "8": {
        "start": {
          "line": 17,
          "column": 4
        },
        "end": {
          "line": 30,
          "column": 7
        }
      },
      "9": {
        "start": {
          "line": 18,
          "column": 35
        },
        "end": {
          "line": 21,
          "column": 7
        }
      },
      "10": {
        "start": {
          "line": 20,
          "column": 10
        },
        "end": {
          "line": 20,
          "column": 98
        }
      },
      "11": {
        "start": {
          "line": 23,
          "column": 6
        },
        "end": {
          "line": 29,
          "column": 7
        }
      },
      "12": {
        "start": {
          "line": 24,
          "column": 28
        },
        "end": {
          "line": 24,
          "column": 41
        }
      },
      "13": {
        "start": {
          "line": 25,
          "column": 8
        },
        "end": {
          "line": 25,
          "column": 63
        }
      },
      "14": {
        "start": {
          "line": 26,
          "column": 8
        },
        "end": {
          "line": 26,
          "column": 27
        }
      },
      "15": {
        "start": {
          "line": 28,
          "column": 8
        },
        "end": {
          "line": 28,
          "column": 55
        }
      },
      "16": {
        "start": {
          "line": 33,
          "column": 25
        },
        "end": {
          "line": 39,
          "column": 3
        }
      },
      "17": {
        "start": {
          "line": 34,
          "column": 4
        },
        "end": {
          "line": 38,
          "column": 6
        }
      },
      "18": {
        "start": {
          "line": 35,
          "column": 6
        },
        "end": {
          "line": 37,
          "column": 7
        }
      },
      "19": {
        "start": {
          "line": 36,
          "column": 18
        },
        "end": {
          "line": 36,
          "column": 89
        }
      },
      "20": {
        "start": {
          "line": 41,
          "column": 25
        },
        "end": {
          "line": 55,
          "column": 3
        }
      },
      "21": {
        "start": {
          "line": 42,
          "column": 4
        },
        "end": {
          "line": 54,
          "column": 7
        }
      },
      "22": {
        "start": {
          "line": 43,
          "column": 26
        },
        "end": {
          "line": 43,
          "column": 39
        }
      },
      "23": {
        "start": {
          "line": 44,
          "column": 27
        },
        "end": {
          "line": 46,
          "column": 7
        }
      },
      "24": {
        "start": {
          "line": 45,
          "column": 18
        },
        "end": {
          "line": 45,
          "column": 89
        }
      },
      "25": {
        "start": {
          "line": 48,
          "column": 6
        },
        "end": {
          "line": 51,
          "column": 7
        }
      },
      "26": {
        "start": {
          "line": 50,
          "column": 8
        },
        "end": {
          "line": 50,
          "column": 67
        }
      },
      "27": {
        "start": {
          "line": 53,
          "column": 6
        },
        "end": {
          "line": 53,
          "column": 25
        }
      },
      "28": {
        "start": {
          "line": 57,
          "column": 20
        },
        "end": {
          "line": 60,
          "column": 3
        }
      },
      "29": {
        "start": {
          "line": 58,
          "column": 4
        },
        "end": {
          "line": 58,
          "column": 16
        }
      },
      "30": {
        "start": {
          "line": 59,
          "column": 4
        },
        "end": {
          "line": 59,
          "column": 36
        }
      },
      "31": {
        "start": {
          "line": 62,
          "column": 2
        },
        "end": {
          "line": 66,
          "column": 4
        }
      }
    },
    "fnMap": {
      "0": {
        "name": "(anonymous_0)",
        "decl": {
          "start": {
            "line": 5,
            "column": 28
          },
          "end": {
            "line": 5,
            "column": 29
          }
        },
        "loc": {
          "start": {
            "line": 5,
            "column": 46
          },
          "end": {
            "line": 67,
            "column": 1
          }
        },
        "line": 5
      },
      "1": {
        "name": "(anonymous_1)",
        "decl": {
          "start": {
            "line": 6,
            "column": 35
          },
          "end": {
            "line": 6,
            "column": 36
          }
        },
        "loc": {
          "start": {
            "line": 6,
            "column": 41
          },
          "end": {
            "line": 9,
            "column": 3
          }
        },
        "line": 6
      },
      "2": {
        "name": "(anonymous_2)",
        "decl": {
          "start": {
            "line": 12,
            "column": 12
          },
          "end": {
            "line": 12,
            "column": 13
          }
        },
        "loc": {
          "start": {
            "line": 12,
            "column": 18
          },
          "end": {
            "line": 14,
            "column": 3
          }
        },
        "line": 12
      },
      "3": {
        "name": "(anonymous_3)",
        "decl": {
          "start": {
            "line": 16,
            "column": 20
          },
          "end": {
            "line": 16,
            "column": 21
          }
        },
        "loc": {
          "start": {
            "line": 16,
            "column": 43
          },
          "end": {
            "line": 31,
            "column": 3
          }
        },
        "line": 16
      },
      "4": {
        "name": "(anonymous_4)",
        "decl": {
          "start": {
            "line": 17,
            "column": 12
          },
          "end": {
            "line": 17,
            "column": 13
          }
        },
        "loc": {
          "start": {
            "line": 17,
            "column": 26
          },
          "end": {
            "line": 30,
            "column": 5
          }
        },
        "line": 17
      },
      "5": {
        "name": "(anonymous_5)",
        "decl": {
          "start": {
            "line": 19,
            "column": 8
          },
          "end": {
            "line": 19,
            "column": 9
          }
        },
        "loc": {
          "start": {
            "line": 20,
            "column": 10
          },
          "end": {
            "line": 20,
            "column": 98
          }
        },
        "line": 20
      },
      "6": {
        "name": "(anonymous_6)",
        "decl": {
          "start": {
            "line": 33,
            "column": 25
          },
          "end": {
            "line": 33,
            "column": 26
          }
        },
        "loc": {
          "start": {
            "line": 33,
            "column": 56
          },
          "end": {
            "line": 39,
            "column": 3
          }
        },
        "line": 33
      },
      "7": {
        "name": "(anonymous_7)",
        "decl": {
          "start": {
            "line": 34,
            "column": 12
          },
          "end": {
            "line": 34,
            "column": 13
          }
        },
        "loc": {
          "start": {
            "line": 35,
            "column": 6
          },
          "end": {
            "line": 37,
            "column": 7
          }
        },
        "line": 35
      },
      "8": {
        "name": "(anonymous_8)",
        "decl": {
          "start": {
            "line": 36,
            "column": 8
          },
          "end": {
            "line": 36,
            "column": 9
          }
        },
        "loc": {
          "start": {
            "line": 36,
            "column": 18
          },
          "end": {
            "line": 36,
            "column": 89
          }
        },
        "line": 36
      },
      "9": {
        "name": "(anonymous_9)",
        "decl": {
          "start": {
            "line": 41,
            "column": 25
          },
          "end": {
            "line": 41,
            "column": 26
          }
        },
        "loc": {
          "start": {
            "line": 41,
            "column": 66
          },
          "end": {
            "line": 55,
            "column": 3
          }
        },
        "line": 41
      },
      "10": {
        "name": "(anonymous_10)",
        "decl": {
          "start": {
            "line": 42,
            "column": 12
          },
          "end": {
            "line": 42,
            "column": 13
          }
        },
        "loc": {
          "start": {
            "line": 42,
            "column": 26
          },
          "end": {
            "line": 54,
            "column": 5
          }
        },
        "line": 42
      },
      "11": {
        "name": "(anonymous_11)",
        "decl": {
          "start": {
            "line": 45,
            "column": 8
          },
          "end": {
            "line": 45,
            "column": 9
          }
        },
        "loc": {
          "start": {
            "line": 45,
            "column": 18
          },
          "end": {
            "line": 45,
            "column": 89
          }
        },
        "line": 45
      },
      "12": {
        "name": "(anonymous_12)",
        "decl": {
          "start": {
            "line": 57,
            "column": 20
          },
          "end": {
            "line": 57,
            "column": 21
          }
        },
        "loc": {
          "start": {
            "line": 57,
            "column": 26
          },
          "end": {
            "line": 60,
            "column": 3
          }
        },
        "line": 57
      }
    },
    "branchMap": {
      "0": {
        "loc": {
          "start": {
            "line": 8,
            "column": 11
          },
          "end": {
            "line": 8,
            "column": 49
          }
        },
        "type": "cond-expr",
        "locations": [
          {
            "start": {
              "line": 8,
              "column": 23
            },
            "end": {
              "line": 8,
              "column": 44
            }
          },
          {
            "start": {
              "line": 8,
              "column": 47
            },
            "end": {
              "line": 8,
              "column": 49
            }
          }
        ],
        "line": 8
      },
      "1": {
        "loc": {
          "start": {
            "line": 20,
            "column": 10
          },
          "end": {
            "line": 20,
            "column": 98
          }
        },
        "type": "binary-expr",
        "locations": [
          {
            "start": {
              "line": 20,
              "column": 10
            },
            "end": {
              "line": 20,
              "column": 48
            }
          },
          {
            "start": {
              "line": 20,
              "column": 52
            },
            "end": {
              "line": 20,
              "column": 98
            }
          }
        ],
        "line": 20
      },
      "2": {
        "loc": {
          "start": {
            "line": 23,
            "column": 6
          },
          "end": {
            "line": 29,
            "column": 7
          }
        },
        "type": "if",
        "locations": [
          {
            "start": {
              "line": 23,
              "column": 6
            },
            "end": {
              "line": 29,
              "column": 7
            }
          },
          {
            "start": {
              "line": 23,
              "column": 6
            },
            "end": {
              "line": 29,
              "column": 7
            }
          }
        ],
        "line": 23
      },
      "3": {
        "loc": {
          "start": {
            "line": 36,
            "column": 18
          },
          "end": {
            "line": 36,
            "column": 89
          }
        },
        "type": "binary-expr",
        "locations": [
          {
            "start": {
              "line": 36,
              "column": 18
            },
            "end": {
              "line": 36,
              "column": 47
            }
          },
          {
            "start": {
              "line": 36,
              "column": 51
            },
            "end": {
              "line": 36,
              "column": 89
            }
          }
        ],
        "line": 36
      },
      "4": {
        "loc": {
          "start": {
            "line": 45,
            "column": 18
          },
          "end": {
            "line": 45,
            "column": 89
          }
        },
        "type": "binary-expr",
        "locations": [
          {
            "start": {
              "line": 45,
              "column": 18
            },
            "end": {
              "line": 45,
              "column": 47
            }
          },
          {
            "start": {
              "line": 45,
              "column": 51
            },
            "end": {
              "line": 45,
              "column": 89
            }
          }
        ],
        "line": 45
      },
      "5": {
        "loc": {
          "start": {
            "line": 48,
            "column": 6
          },
          "end": {
            "line": 51,
            "column": 7
          }
        },
        "type": "if",
        "locations": [
          {
            "start": {
              "line": 48,
              "column": 6
            },
            "end": {
              "line": 51,
              "column": 7
            }
          },
          {
            "start": {
              "line": 48,
              "column": 6
            },
            "end": {
              "line": 51,
              "column": 7
            }
          }
        ],
        "line": 48
      }
    },
    "s": {
      "0": 132,
      "1": 132,
      "2": 286,
      "3": 264,
      "4": 264,
      "5": 286,
      "6": 275,
      "7": 286,
      "8": 11,
      "9": 11,
      "10": 1,
      "11": 11,
      "12": 0,
      "13": 0,
      "14": 0,
      "15": 11,
      "16": 286,
      "17": 0,
      "18": 0,
      "19": 0,
      "20": 286,
      "21": 0,
      "22": 0,
      "23": 0,
      "24": 0,
      "25": 0,
      "26": 0,
      "27": 0,
      "28": 286,
      "29": 0,
      "30": 0,
      "31": 286
    },
    "f": {
      "0": 286,
      "1": 264,
      "2": 275,
      "3": 11,
      "4": 11,
      "5": 1,
      "6": 0,
      "7": 0,
      "8": 0,
      "9": 0,
      "10": 0,
      "11": 0,
      "12": 0
    },
    "b": {
      "0": [
        50,
        214
      ],
      "1": [
        1,
        0
      ],
      "2": [
        0,
        11
      ],
      "3": [
        0,
        0
      ],
      "4": [
        0,
        0
      ],
      "5": [
        0,
        0
      ]
    },
    "_coverageSchema": "1a1c01bbd47fc00a2c39e90264f33305004495a9",
    "hash": "7d7aa88c3f0205e3cd1139facf5e1306f263d184"
  },
  "C:\\Users\\vince\\Documents\\Capstone Testing_coverage\\Capstone_2024\\frontend\\src\\components\\Header.js": {
    "path": "C:\\Users\\vince\\Documents\\Capstone Testing_coverage\\Capstone_2024\\frontend\\src\\components\\Header.js",
    "statementMap": {
      "0": {
        "start": {
          "line": 10,
          "column": 19
        },
        "end": {
          "line": 10,
          "column": 42
        }
      },
      "1": {
        "start": {
          "line": 11,
          "column": 30
        },
        "end": {
          "line": 11,
          "column": 45
        }
      },
      "2": {
        "start": {
          "line": 12,
          "column": 46
        },
        "end": {
          "line": 12,
          "column": 61
        }
      },
      "3": {
        "start": {
          "line": 13,
          "column": 21
        },
        "end": {
          "line": 13,
          "column": 33
        }
      },
      "4": {
        "start": {
          "line": 14,
          "column": 22
        },
        "end": {
          "line": 14,
          "column": 34
        }
      },
      "5": {
        "start": {
          "line": 15,
          "column": 19
        },
        "end": {
          "line": 15,
          "column": 32
        }
      },
      "6": {
        "start": {
          "line": 18,
          "column": 2
        },
        "end": {
          "line": 37,
          "column": 31
        }
      },
      "7": {
        "start": {
          "line": 19,
          "column": 31
        },
        "end": {
          "line": 26,
          "column": 5
        }
      },
      "8": {
        "start": {
          "line": 20,
          "column": 6
        },
        "end": {
          "line": 22,
          "column": 7
        }
      },
      "9": {
        "start": {
          "line": 21,
          "column": 8
        },
        "end": {
          "line": 21,
          "column": 25
        }
      },
      "10": {
        "start": {
          "line": 23,
          "column": 6
        },
        "end": {
          "line": 25,
          "column": 7
        }
      },
      "11": {
        "start": {
          "line": 24,
          "column": 8
        },
        "end": {
          "line": 24,
          "column": 33
        }
      },
      "12": {
        "start": {
          "line": 28,
          "column": 4
        },
        "end": {
          "line": 32,
          "column": 5
        }
      },
      "13": {
        "start": {
          "line": 29,
          "column": 6
        },
        "end": {
          "line": 29,
          "column": 65
        }
      },
      "14": {
        "start": {
          "line": 31,
          "column": 6
        },
        "end": {
          "line": 31,
          "column": 68
        }
      },
      "15": {
        "start": {
          "line": 34,
          "column": 4
        },
        "end": {
          "line": 36,
          "column": 6
        }
      },
      "16": {
        "start": {
          "line": 35,
          "column": 6
        },
        "end": {
          "line": 35,
          "column": 68
        }
      },
      "17": {
        "start": {
          "line": 39,
          "column": 27
        },
        "end": {
          "line": 39,
          "column": 81
        }
      },
      "18": {
        "start": {
          "line": 39,
          "column": 56
        },
        "end": {
          "line": 39,
          "column": 77
        }
      },
      "19": {
        "start": {
          "line": 41,
          "column": 23
        },
        "end": {
          "line": 44,
          "column": 3
        }
      },
      "20": {
        "start": {
          "line": 42,
          "column": 4
        },
        "end": {
          "line": 42,
          "column": 41
        }
      },
      "21": {
        "start": {
          "line": 43,
          "column": 4
        },
        "end": {
          "line": 43,
          "column": 18
        }
      },
      "22": {
        "start": {
          "line": 46,
          "column": 20
        },
        "end": {
          "line": 46,
          "column": 53
        }
      },
      "23": {
        "start": {
          "line": 48,
          "column": 2
        },
        "end": {
          "line": 135,
          "column": 4
        }
      },
      "24": {
        "start": {
          "line": 52,
          "column": 50
        },
        "end": {
          "line": 52,
          "column": 68
        }
      },
      "25": {
        "start": {
          "line": 56,
          "column": 41
        },
        "end": {
          "line": 56,
          "column": 57
        }
      },
      "26": {
        "start": {
          "line": 68,
          "column": 29
        },
        "end": {
          "line": 68,
          "column": 63
        }
      },
      "27": {
        "start": {
          "line": 78,
          "column": 37
        },
        "end": {
          "line": 78,
          "column": 61
        }
      },
      "28": {
        "start": {
          "line": 95,
          "column": 37
        },
        "end": {
          "line": 95,
          "column": 61
        }
      },
      "29": {
        "start": {
          "line": 102,
          "column": 37
        },
        "end": {
          "line": 102,
          "column": 61
        }
      },
      "30": {
        "start": {
          "line": 124,
          "column": 53
        },
        "end": {
          "line": 124,
          "column": 69
        }
      },
      "31": {
        "start": {
          "line": 126,
          "column": 41
        },
        "end": {
          "line": 126,
          "column": 57
        }
      },
      "32": {
        "start": {
          "line": 127,
          "column": 47
        },
        "end": {
          "line": 127,
          "column": 63
        }
      },
      "33": {
        "start": {
          "line": 128,
          "column": 50
        },
        "end": {
          "line": 128,
          "column": 66
        }
      },
      "34": {
        "start": {
          "line": 129,
          "column": 48
        },
        "end": {
          "line": 129,
          "column": 64
        }
      },
      "35": {
        "start": {
          "line": 130,
          "column": 48
        },
        "end": {
          "line": 130,
          "column": 64
        }
      },
      "36": {
        "start": {
          "line": 131,
          "column": 50
        },
        "end": {
          "line": 131,
          "column": 66
        }
      }
    },
    "fnMap": {
      "0": {
        "name": "Header",
        "decl": {
          "start": {
            "line": 9,
            "column": 9
          },
          "end": {
            "line": 9,
            "column": 15
          }
        },
        "loc": {
          "start": {
            "line": 9,
            "column": 18
          },
          "end": {
            "line": 136,
            "column": 1
          }
        },
        "line": 9
      },
      "1": {
        "name": "(anonymous_1)",
        "decl": {
          "start": {
            "line": 18,
            "column": 12
          },
          "end": {
            "line": 18,
            "column": 13
          }
        },
        "loc": {
          "start": {
            "line": 18,
            "column": 18
          },
          "end": {
            "line": 37,
            "column": 3
          }
        },
        "line": 18
      },
      "2": {
        "name": "(anonymous_2)",
        "decl": {
          "start": {
            "line": 19,
            "column": 31
          },
          "end": {
            "line": 19,
            "column": 32
          }
        },
        "loc": {
          "start": {
            "line": 19,
            "column": 42
          },
          "end": {
            "line": 26,
            "column": 5
          }
        },
        "line": 19
      },
      "3": {
        "name": "(anonymous_3)",
        "decl": {
          "start": {
            "line": 34,
            "column": 11
          },
          "end": {
            "line": 34,
            "column": 12
          }
        },
        "loc": {
          "start": {
            "line": 34,
            "column": 17
          },
          "end": {
            "line": 36,
            "column": 5
          }
        },
        "line": 34
      },
      "4": {
        "name": "(anonymous_4)",
        "decl": {
          "start": {
            "line": 39,
            "column": 39
          },
          "end": {
            "line": 39,
            "column": 40
          }
        },
        "loc": {
          "start": {
            "line": 39,
            "column": 56
          },
          "end": {
            "line": 39,
            "column": 77
          }
        },
        "line": 39
      },
      "5": {
        "name": "(anonymous_5)",
        "decl": {
          "start": {
            "line": 41,
            "column": 23
          },
          "end": {
            "line": 41,
            "column": 24
          }
        },
        "loc": {
          "start": {
            "line": 41,
            "column": 29
          },
          "end": {
            "line": 44,
            "column": 3
          }
        },
        "line": 41
      },
      "6": {
        "name": "(anonymous_6)",
        "decl": {
          "start": {
            "line": 52,
            "column": 44
          },
          "end": {
            "line": 52,
            "column": 45
          }
        },
        "loc": {
          "start": {
            "line": 52,
            "column": 50
          },
          "end": {
            "line": 52,
            "column": 68
          }
        },
        "line": 52
      },
      "7": {
        "name": "(anonymous_7)",
        "decl": {
          "start": {
            "line": 56,
            "column": 35
          },
          "end": {
            "line": 56,
            "column": 36
          }
        },
        "loc": {
          "start": {
            "line": 56,
            "column": 41
          },
          "end": {
            "line": 56,
            "column": 57
          }
        },
        "line": 56
      },
      "8": {
        "name": "(anonymous_8)",
        "decl": {
          "start": {
            "line": 68,
            "column": 23
          },
          "end": {
            "line": 68,
            "column": 24
          }
        },
        "loc": {
          "start": {
            "line": 68,
            "column": 29
          },
          "end": {
            "line": 68,
            "column": 63
          }
        },
        "line": 68
      },
      "9": {
        "name": "(anonymous_9)",
        "decl": {
          "start": {
            "line": 78,
            "column": 31
          },
          "end": {
            "line": 78,
            "column": 32
          }
        },
        "loc": {
          "start": {
            "line": 78,
            "column": 37
          },
          "end": {
            "line": 78,
            "column": 61
          }
        },
        "line": 78
      },
      "10": {
        "name": "(anonymous_10)",
        "decl": {
          "start": {
            "line": 95,
            "column": 31
          },
          "end": {
            "line": 95,
            "column": 32
          }
        },
        "loc": {
          "start": {
            "line": 95,
            "column": 37
          },
          "end": {
            "line": 95,
            "column": 61
          }
        },
        "line": 95
      },
      "11": {
        "name": "(anonymous_11)",
        "decl": {
          "start": {
            "line": 102,
            "column": 31
          },
          "end": {
            "line": 102,
            "column": 32
          }
        },
        "loc": {
          "start": {
            "line": 102,
            "column": 37
          },
          "end": {
            "line": 102,
            "column": 61
          }
        },
        "line": 102
      },
      "12": {
        "name": "(anonymous_12)",
        "decl": {
          "start": {
            "line": 124,
            "column": 47
          },
          "end": {
            "line": 124,
            "column": 48
          }
        },
        "loc": {
          "start": {
            "line": 124,
            "column": 53
          },
          "end": {
            "line": 124,
            "column": 69
          }
        },
        "line": 124
      },
      "13": {
        "name": "(anonymous_13)",
        "decl": {
          "start": {
            "line": 126,
            "column": 35
          },
          "end": {
            "line": 126,
            "column": 36
          }
        },
        "loc": {
          "start": {
            "line": 126,
            "column": 41
          },
          "end": {
            "line": 126,
            "column": 57
          }
        },
        "line": 126
      },
      "14": {
        "name": "(anonymous_14)",
        "decl": {
          "start": {
            "line": 127,
            "column": 41
          },
          "end": {
            "line": 127,
            "column": 42
          }
        },
        "loc": {
          "start": {
            "line": 127,
            "column": 47
          },
          "end": {
            "line": 127,
            "column": 63
          }
        },
        "line": 127
      },
      "15": {
        "name": "(anonymous_15)",
        "decl": {
          "start": {
            "line": 128,
            "column": 44
          },
          "end": {
            "line": 128,
            "column": 45
          }
        },
        "loc": {
          "start": {
            "line": 128,
            "column": 50
          },
          "end": {
            "line": 128,
            "column": 66
          }
        },
        "line": 128
      },
      "16": {
        "name": "(anonymous_16)",
        "decl": {
          "start": {
            "line": 129,
            "column": 42
          },
          "end": {
            "line": 129,
            "column": 43
          }
        },
        "loc": {
          "start": {
            "line": 129,
            "column": 48
          },
          "end": {
            "line": 129,
            "column": 64
          }
        },
        "line": 129
      },
      "17": {
        "name": "(anonymous_17)",
        "decl": {
          "start": {
            "line": 130,
            "column": 42
          },
          "end": {
            "line": 130,
            "column": 43
          }
        },
        "loc": {
          "start": {
            "line": 130,
            "column": 48
          },
          "end": {
            "line": 130,
            "column": 64
          }
        },
        "line": 130
      },
      "18": {
        "name": "(anonymous_18)",
        "decl": {
          "start": {
            "line": 131,
            "column": 44
          },
          "end": {
            "line": 131,
            "column": 45
          }
        },
        "loc": {
          "start": {
            "line": 131,
            "column": 50
          },
          "end": {
            "line": 131,
            "column": 66
          }
        },
        "line": 131
      }
    },
    "branchMap": {
      "0": {
        "loc": {
          "start": {
            "line": 20,
            "column": 6
          },
          "end": {
            "line": 22,
            "column": 7
          }
        },
        "type": "if",
        "locations": [
          {
            "start": {
              "line": 20,
              "column": 6
            },
            "end": {
              "line": 22,
              "column": 7
            }
          },
          {
            "start": {
              "line": 20,
              "column": 6
            },
            "end": {
              "line": 22,
              "column": 7
            }
          }
        ],
        "line": 20
      },
      "1": {
        "loc": {
          "start": {
            "line": 20,
            "column": 10
          },
          "end": {
            "line": 20,
            "column": 74
          }
        },
        "type": "binary-expr",
        "locations": [
          {
            "start": {
              "line": 20,
              "column": 10
            },
            "end": {
              "line": 20,
              "column": 28
            }
          },
          {
            "start": {
              "line": 20,
              "column": 32
            },
            "end": {
              "line": 20,
              "column": 74
            }
          }
        ],
        "line": 20
      },
      "2": {
        "loc": {
          "start": {
            "line": 23,
            "column": 6
          },
          "end": {
            "line": 25,
            "column": 7
          }
        },
        "type": "if",
        "locations": [
          {
            "start": {
              "line": 23,
              "column": 6
            },
            "end": {
              "line": 25,
              "column": 7
            }
          },
          {
            "start": {
              "line": 23,
              "column": 6
            },
            "end": {
              "line": 25,
              "column": 7
            }
          }
        ],
        "line": 23
      },
      "3": {
        "loc": {
          "start": {
            "line": 23,
            "column": 10
          },
          "end": {
            "line": 23,
            "column": 76
          }
        },
        "type": "binary-expr",
        "locations": [
          {
            "start": {
              "line": 23,
              "column": 10
            },
            "end": {
              "line": 23,
              "column": 29
            }
          },
          {
            "start": {
              "line": 23,
              "column": 33
            },
            "end": {
              "line": 23,
              "column": 76
            }
          }
        ],
        "line": 23
      },
      "4": {
        "loc": {
          "start": {
            "line": 28,
            "column": 4
          },
          "end": {
            "line": 32,
            "column": 5
          }
        },
        "type": "if",
        "locations": [
          {
            "start": {
              "line": 28,
              "column": 4
            },
            "end": {
              "line": 32,
              "column": 5
            }
          },
          {
            "start": {
              "line": 28,
              "column": 4
            },
            "end": {
              "line": 32,
              "column": 5
            }
          }
        ],
        "line": 28
      },
      "5": {
        "loc": {
          "start": {
            "line": 28,
            "column": 8
          },
          "end": {
            "line": 28,
            "column": 32
          }
        },
        "type": "binary-expr",
        "locations": [
          {
            "start": {
              "line": 28,
              "column": 8
            },
            "end": {
              "line": 28,
              "column": 14
            }
          },
          {
            "start": {
              "line": 28,
              "column": 18
            },
            "end": {
              "line": 28,
              "column": 32
            }
          }
        ],
        "line": 28
      },
      "6": {
        "loc": {
          "start": {
            "line": 71,
            "column": 13
          },
          "end": {
            "line": 109,
            "column": 13
          }
        },
        "type": "binary-expr",
        "locations": [
          {
            "start": {
              "line": 71,
              "column": 13
            },
            "end": {
              "line": 71,
              "column": 27
            }
          },
          {
            "start": {
              "line": 72,
              "column": 14
            },
            "end": {
              "line": 108,
              "column": 20
            }
          }
        ],
        "line": 71
      },
      "7": {
        "loc": {
          "start": {
            "line": 73,
            "column": 17
          },
          "end": {
            "line": 107,
            "column": 17
          }
        },
        "type": "cond-expr",
        "locations": [
          {
            "start": {
              "line": 74,
              "column": 18
            },
            "end": {
              "line": 89,
              "column": 21
            }
          },
          {
            "start": {
              "line": 91,
              "column": 18
            },
            "end": {
              "line": 106,
              "column": 21
            }
          }
        ],
        "line": 73
      },
      "8": {
        "loc": {
          "start": {
            "line": 116,
            "column": 15
          },
          "end": {
            "line": 116,
            "column": 93
          }
        },
        "type": "binary-expr",
        "locations": [
          {
            "start": {
              "line": 116,
              "column": 15
            },
            "end": {
              "line": 116,
              "column": 35
            }
          },
          {
            "start": {
              "line": 116,
              "column": 39
            },
            "end": {
              "line": 116,
              "column": 93
            }
          }
        ],
        "line": 116
      },
      "9": {
        "loc": {
          "start": {
            "line": 123,
            "column": 33
          },
          "end": {
            "line": 123,
            "column": 53
          }
        },
        "type": "cond-expr",
        "locations": [
          {
            "start": {
              "line": 123,
              "column": 42
            },
            "end": {
              "line": 123,
              "column": 48
            }
          },
          {
            "start": {
              "line": 123,
              "column": 51
            },
            "end": {
              "line": 123,
              "column": 53
            }
          }
        ],
        "line": 123
      }
    },
    "s": {
      "0": 4556,
      "1": 4556,
      "2": 4556,
      "3": 4556,
      "4": 4556,
      "5": 4556,
      "6": 4556,
      "7": 455,
      "8": 21,
      "9": 3,
      "10": 21,
      "11": 18,
      "12": 455,
      "13": 21,
      "14": 434,
      "15": 455,
      "16": 328,
      "17": 4556,
      "18": 526,
      "19": 4556,
      "20": 0,
      "21": 0,
      "22": 4556,
      "23": 4556,
      "24": 18,
      "25": 0,
      "26": 3,
      "27": 0,
      "28": 1,
      "29": 2,
      "30": 0,
      "31": 2,
      "32": 2,
      "33": 8,
      "34": 2,
      "35": 2,
      "36": 2
    },
    "f": {
      "0": 4556,
      "1": 455,
      "2": 21,
      "3": 328,
      "4": 526,
      "5": 0,
      "6": 18,
      "7": 0,
      "8": 3,
      "9": 0,
      "10": 1,
      "11": 2,
      "12": 0,
      "13": 2,
      "14": 2,
      "15": 8,
      "16": 2,
      "17": 2,
      "18": 2
    },
    "b": {
      "0": [
        3,
        18
      ],
      "1": [
        21,
        21
      ],
      "2": [
        18,
        3
      ],
      "3": [
        21,
        21
      ],
      "4": [
        21,
        434
      ],
      "5": [
        455,
        437
      ],
      "6": [
        4556,
        6
      ],
      "7": [
        0,
        6
      ],
      "8": [
        4556,
        522
      ],
      "9": [
        44,
        4512
      ]
    },
    "_coverageSchema": "1a1c01bbd47fc00a2c39e90264f33305004495a9",
    "hash": "b05b4a46cab18c1d5957693edfc147ece7a9ca5a"
  },
  "C:\\Users\\vince\\Documents\\Capstone Testing_coverage\\Capstone_2024\\frontend\\src\\components\\ProductCard.js": {
    "path": "C:\\Users\\vince\\Documents\\Capstone Testing_coverage\\Capstone_2024\\frontend\\src\\components\\ProductCard.js",
    "statementMap": {
      "0": {
        "start": {
          "line": 6,
          "column": 2
        },
        "end": {
          "line": 18,
          "column": 4
        }
      }
    },
    "fnMap": {
      "0": {
        "name": "ProductCard",
        "decl": {
          "start": {
            "line": 5,
            "column": 9
          },
          "end": {
            "line": 5,
            "column": 20
          }
        },
        "loc": {
          "start": {
            "line": 5,
            "column": 57
          },
          "end": {
            "line": 19,
            "column": 1
          }
        },
        "line": 5
      }
    },
    "branchMap": {
      "0": {
        "loc": {
          "start": {
            "line": 9,
            "column": 9
          },
          "end": {
            "line": 13,
            "column": 9
          }
        },
        "type": "binary-expr",
        "locations": [
          {
            "start": {
              "line": 9,
              "column": 9
            },
            "end": {
              "line": 9,
              "column": 14
            }
          },
          {
            "start": {
              "line": 10,
              "column": 10
            },
            "end": {
              "line": 12,
              "column": 16
            }
          }
        ],
        "line": 9
      }
    },
    "s": {
      "0": 4022
    },
    "f": {
      "0": 4022
    },
    "b": {
      "0": [
        4022,
        4022
      ]
    },
    "_coverageSchema": "1a1c01bbd47fc00a2c39e90264f33305004495a9",
    "hash": "764316219f0b465d763bd3431dd112c0fa39c508"
  },
  "C:\\Users\\vince\\Documents\\Capstone Testing_coverage\\Capstone_2024\\frontend\\src\\components\\Footer.js": {
    "path": "C:\\Users\\vince\\Documents\\Capstone Testing_coverage\\Capstone_2024\\frontend\\src\\components\\Footer.js",
    "statementMap": {
      "0": {
        "start": {
          "line": 9,
          "column": 2
        },
        "end": {
          "line": 46,
          "column": 4
        }
      }
    },
    "fnMap": {
      "0": {
        "name": "Footer",
        "decl": {
          "start": {
            "line": 8,
            "column": 9
          },
          "end": {
            "line": 8,
            "column": 15
          }
        },
        "loc": {
          "start": {
            "line": 8,
            "column": 18
          },
          "end": {
            "line": 47,
            "column": 1
          }
        },
        "line": 8
      }
    },
    "branchMap": {},
    "s": {
      "0": 4514
    },
    "f": {
      "0": 4514
    },
    "b": {},
    "_coverageSchema": "1a1c01bbd47fc00a2c39e90264f33305004495a9",
    "hash": "e19723e0124ed69466f00a5dfd5bfa8344edcb83"
  },
  "C:\\Users\\vince\\Documents\\Capstone Testing_coverage\\Capstone_2024\\frontend\\src\\components\\Slideshow.js": {
    "path": "C:\\Users\\vince\\Documents\\Capstone Testing_coverage\\Capstone_2024\\frontend\\src\\components\\Slideshow.js",
    "statementMap": {
      "0": {
        "start": {
          "line": 6,
          "column": 18
        },
        "end": {
          "line": 9,
          "column": 1
        }
      },
      "1": {
        "start": {
          "line": 12,
          "column": 42
        },
        "end": {
          "line": 12,
          "column": 53
        }
      },
      "2": {
        "start": {
          "line": 13,
          "column": 34
        },
        "end": {
          "line": 13,
          "column": 49
        }
      },
      "3": {
        "start": {
          "line": 15,
          "column": 2
        },
        "end": {
          "line": 23,
          "column": 17
        }
      },
      "4": {
        "start": {
          "line": 16,
          "column": 4
        },
        "end": {
          "line": 22,
          "column": 5
        }
      },
      "5": {
        "start": {
          "line": 17,
          "column": 23
        },
        "end": {
          "line": 19,
          "column": 15
        }
      },
      "6": {
        "start": {
          "line": 18,
          "column": 8
        },
        "end": {
          "line": 18,
          "column": 75
        }
      },
      "7": {
        "start": {
          "line": 18,
          "column": 39
        },
        "end": {
          "line": 18,
          "column": 73
        }
      },
      "8": {
        "start": {
          "line": 21,
          "column": 6
        },
        "end": {
          "line": 21,
          "column": 43
        }
      },
      "9": {
        "start": {
          "line": 21,
          "column": 19
        },
        "end": {
          "line": 21,
          "column": 42
        }
      },
      "10": {
        "start": {
          "line": 25,
          "column": 26
        },
        "end": {
          "line": 28,
          "column": 3
        }
      },
      "11": {
        "start": {
          "line": 26,
          "column": 4
        },
        "end": {
          "line": 26,
          "column": 90
        }
      },
      "12": {
        "start": {
          "line": 26,
          "column": 35
        },
        "end": {
          "line": 26,
          "column": 88
        }
      },
      "13": {
        "start": {
          "line": 27,
          "column": 4
        },
        "end": {
          "line": 27,
          "column": 22
        }
      },
      "14": {
        "start": {
          "line": 30,
          "column": 26
        },
        "end": {
          "line": 33,
          "column": 3
        }
      },
      "15": {
        "start": {
          "line": 31,
          "column": 4
        },
        "end": {
          "line": 31,
          "column": 71
        }
      },
      "16": {
        "start": {
          "line": 31,
          "column": 35
        },
        "end": {
          "line": 31,
          "column": 69
        }
      },
      "17": {
        "start": {
          "line": 32,
          "column": 4
        },
        "end": {
          "line": 32,
          "column": 22
        }
      },
      "18": {
        "start": {
          "line": 35,
          "column": 2
        },
        "end": {
          "line": 65,
          "column": 4
        }
      },
      "19": {
        "start": {
          "line": 38,
          "column": 8
        },
        "end": {
          "line": 58,
          "column": 14
        }
      }
    },
    "fnMap": {
      "0": {
        "name": "Slideshow",
        "decl": {
          "start": {
            "line": 11,
            "column": 9
          },
          "end": {
            "line": 11,
            "column": 18
          }
        },
        "loc": {
          "start": {
            "line": 11,
            "column": 33
          },
          "end": {
            "line": 66,
            "column": 1
          }
        },
        "line": 11
      },
      "1": {
        "name": "(anonymous_1)",
        "decl": {
          "start": {
            "line": 15,
            "column": 12
          },
          "end": {
            "line": 15,
            "column": 13
          }
        },
        "loc": {
          "start": {
            "line": 15,
            "column": 18
          },
          "end": {
            "line": 23,
            "column": 3
          }
        },
        "line": 15
      },
      "2": {
        "name": "(anonymous_2)",
        "decl": {
          "start": {
            "line": 17,
            "column": 35
          },
          "end": {
            "line": 17,
            "column": 36
          }
        },
        "loc": {
          "start": {
            "line": 17,
            "column": 41
          },
          "end": {
            "line": 19,
            "column": 7
          }
        },
        "line": 17
      },
      "3": {
        "name": "(anonymous_3)",
        "decl": {
          "start": {
            "line": 18,
            "column": 24
          },
          "end": {
            "line": 18,
            "column": 25
          }
        },
        "loc": {
          "start": {
            "line": 18,
            "column": 39
          },
          "end": {
            "line": 18,
            "column": 73
          }
        },
        "line": 18
      },
      "4": {
        "name": "(anonymous_4)",
        "decl": {
          "start": {
            "line": 21,
            "column": 13
          },
          "end": {
            "line": 21,
            "column": 14
          }
        },
        "loc": {
          "start": {
            "line": 21,
            "column": 19
          },
          "end": {
            "line": 21,
            "column": 42
          }
        },
        "line": 21
      },
      "5": {
        "name": "(anonymous_5)",
        "decl": {
          "start": {
            "line": 25,
            "column": 26
          },
          "end": {
            "line": 25,
            "column": 27
          }
        },
        "loc": {
          "start": {
            "line": 25,
            "column": 32
          },
          "end": {
            "line": 28,
            "column": 3
          }
        },
        "line": 25
      },
      "6": {
        "name": "(anonymous_6)",
        "decl": {
          "start": {
            "line": 26,
            "column": 20
          },
          "end": {
            "line": 26,
            "column": 21
          }
        },
        "loc": {
          "start": {
            "line": 26,
            "column": 35
          },
          "end": {
            "line": 26,
            "column": 88
          }
        },
        "line": 26
      },
      "7": {
        "name": "(anonymous_7)",
        "decl": {
          "start": {
            "line": 30,
            "column": 26
          },
          "end": {
            "line": 30,
            "column": 27
          }
        },
        "loc": {
          "start": {
            "line": 30,
            "column": 32
          },
          "end": {
            "line": 33,
            "column": 3
          }
        },
        "line": 30
      },
      "8": {
        "name": "(anonymous_8)",
        "decl": {
          "start": {
            "line": 31,
            "column": 20
          },
          "end": {
            "line": 31,
            "column": 21
          }
        },
        "loc": {
          "start": {
            "line": 31,
            "column": 35
          },
          "end": {
            "line": 31,
            "column": 69
          }
        },
        "line": 31
      },
      "9": {
        "name": "(anonymous_9)",
        "decl": {
          "start": {
            "line": 37,
            "column": 21
          },
          "end": {
            "line": 37,
            "column": 22
          }
        },
        "loc": {
          "start": {
            "line": 38,
            "column": 8
          },
          "end": {
            "line": 58,
            "column": 14
          }
        },
        "line": 38
      }
    },
    "branchMap": {
      "0": {
        "loc": {
          "start": {
            "line": 16,
            "column": 4
          },
          "end": {
            "line": 22,
            "column": 5
          }
        },
        "type": "if",
        "locations": [
          {
            "start": {
              "line": 16,
              "column": 4
            },
            "end": {
              "line": 22,
              "column": 5
            }
          },
          {
            "start": {
              "line": 16,
              "column": 4
            },
            "end": {
              "line": 22,
              "column": 5
            }
          }
        ],
        "line": 16
      },
      "1": {
        "loc": {
          "start": {
            "line": 40,
            "column": 30
          },
          "end": {
            "line": 40,
            "column": 68
          }
        },
        "type": "cond-expr",
        "locations": [
          {
            "start": {
              "line": 40,
              "column": 55
            },
            "end": {
              "line": 40,
              "column": 63
            }
          },
          {
            "start": {
              "line": 40,
              "column": 66
            },
            "end": {
              "line": 40,
              "column": 68
            }
          }
        ],
        "line": 40
      },
      "2": {
        "loc": {
          "start": {
            "line": 43,
            "column": 11
          },
          "end": {
            "line": 57,
            "column": 11
          }
        },
        "type": "binary-expr",
        "locations": [
          {
            "start": {
              "line": 43,
              "column": 11
            },
            "end": {
              "line": 43,
              "column": 33
            }
          },
          {
            "start": {
              "line": 44,
              "column": 12
            },
            "end": {
              "line": 56,
              "column": 15
            }
          }
        ],
        "line": 43
      },
      "3": {
        "loc": {
          "start": {
            "line": 47,
            "column": 15
          },
          "end": {
            "line": 47,
            "column": 118
          }
        },
        "type": "binary-expr",
        "locations": [
          {
            "start": {
              "line": 47,
              "column": 15
            },
            "end": {
              "line": 47,
              "column": 26
            }
          },
          {
            "start": {
              "line": 47,
              "column": 30
            },
            "end": {
              "line": 47,
              "column": 118
            }
          }
        ],
        "line": 47
      },
      "4": {
        "loc": {
          "start": {
            "line": 48,
            "column": 15
          },
          "end": {
            "line": 55,
            "column": 15
          }
        },
        "type": "binary-expr",
        "locations": [
          {
            "start": {
              "line": 48,
              "column": 15
            },
            "end": {
              "line": 48,
              "column": 26
            }
          },
          {
            "start": {
              "line": 49,
              "column": 16
            },
            "end": {
              "line": 54,
              "column": 22
            }
          }
        ],
        "line": 48
      }
    },
    "s": {
      "0": 132,
      "1": 286,
      "2": 286,
      "3": 286,
      "4": 56,
      "5": 54,
      "6": 6,
      "7": 8,
      "8": 54,
      "9": 40,
      "10": 286,
      "11": 4,
      "12": 8,
      "13": 4,
      "14": 286,
      "15": 6,
      "16": 9,
      "17": 6,
      "18": 286,
      "19": 572
    },
    "f": {
      "0": 286,
      "1": 56,
      "2": 6,
      "3": 8,
      "4": 40,
      "5": 4,
      "6": 8,
      "7": 6,
      "8": 9,
      "9": 572
    },
    "b": {
      "0": [
        54,
        2
      ],
      "1": [
        286,
        286
      ],
      "2": [
        572,
        286
      ],
      "3": [
        286,
        264
      ],
      "4": [
        286,
        22
      ]
    },
    "_coverageSchema": "1a1c01bbd47fc00a2c39e90264f33305004495a9",
    "hash": "a4faab96e330895db23daba4f5534841a9fec23c"
  },
  "C:\\Users\\vince\\Documents\\Capstone Testing_coverage\\Capstone_2024\\frontend\\src\\pages\\HomePage.js": {
    "path": "C:\\Users\\vince\\Documents\\Capstone Testing_coverage\\Capstone_2024\\frontend\\src\\pages\\HomePage.js",
    "statementMap": {
      "0": {
        "start": {
          "line": 8,
          "column": 17
        },
        "end": {
          "line": 89,
          "column": 1
        }
      },
      "1": {
        "start": {
          "line": 10,
          "column": 34
        },
        "end": {
          "line": 10,
          "column": 46
        }
      },
      "2": {
        "start": {
          "line": 12,
          "column": 28
        },
        "end": {
          "line": 12,
          "column": 42
        }
      },
      "3": {
        "start": {
          "line": 15,
          "column": 30
        },
        "end": {
          "line": 21,
          "column": 3
        }
      },
      "4": {
        "start": {
          "line": 16,
          "column": 4
        },
        "end": {
          "line": 16,
          "column": 31
        }
      },
      "5": {
        "start": {
          "line": 16,
          "column": 22
        },
        "end": {
          "line": 16,
          "column": 31
        }
      },
      "6": {
        "start": {
          "line": 17,
          "column": 4
        },
        "end": {
          "line": 17,
          "column": 30
        }
      },
      "7": {
        "start": {
          "line": 17,
          "column": 21
        },
        "end": {
          "line": 17,
          "column": 30
        }
      },
      "8": {
        "start": {
          "line": 18,
          "column": 4
        },
        "end": {
          "line": 18,
          "column": 30
        }
      },
      "9": {
        "start": {
          "line": 18,
          "column": 21
        },
        "end": {
          "line": 18,
          "column": 30
        }
      },
      "10": {
        "start": {
          "line": 19,
          "column": 4
        },
        "end": {
          "line": 19,
          "column": 30
        }
      },
      "11": {
        "start": {
          "line": 19,
          "column": 21
        },
        "end": {
          "line": 19,
          "column": 30
        }
      },
      "12": {
        "start": {
          "line": 20,
          "column": 4
        },
        "end": {
          "line": 20,
          "column": 13
        }
      },
      "13": {
        "start": {
          "line": 24,
          "column": 38
        },
        "end": {
          "line": 24,
          "column": 49
        }
      },
      "14": {
        "start": {
          "line": 27,
          "column": 2
        },
        "end": {
          "line": 41,
          "column": 9
        }
      },
      "15": {
        "start": {
          "line": 28,
          "column": 25
        },
        "end": {
          "line": 31,
          "column": 5
        }
      },
      "16": {
        "start": {
          "line": 29,
          "column": 27
        },
        "end": {
          "line": 29,
          "column": 44
        }
      },
      "17": {
        "start": {
          "line": 30,
          "column": 6
        },
        "end": {
          "line": 30,
          "column": 55
        }
      },
      "18": {
        "start": {
          "line": 34,
          "column": 4
        },
        "end": {
          "line": 34,
          "column": 52
        }
      },
      "19": {
        "start": {
          "line": 35,
          "column": 4
        },
        "end": {
          "line": 35,
          "column": 19
        }
      },
      "20": {
        "start": {
          "line": 38,
          "column": 4
        },
        "end": {
          "line": 40,
          "column": 6
        }
      },
      "21": {
        "start": {
          "line": 39,
          "column": 6
        },
        "end": {
          "line": 39,
          "column": 57
        }
      },
      "22": {
        "start": {
          "line": 44,
          "column": 2
        },
        "end": {
          "line": 61,
          "column": 19
        }
      },
      "23": {
        "start": {
          "line": 45,
          "column": 26
        },
        "end": {
          "line": 58,
          "column": 5
        }
      },
      "24": {
        "start": {
          "line": 46,
          "column": 6
        },
        "end": {
          "line": 57,
          "column": 7
        }
      },
      "25": {
        "start": {
          "line": 47,
          "column": 25
        },
        "end": {
          "line": 47,
          "column": 81
        }
      },
      "26": {
        "start": {
          "line": 48,
          "column": 8
        },
        "end": {
          "line": 50,
          "column": 9
        }
      },
      "27": {
        "start": {
          "line": 49,
          "column": 10
        },
        "end": {
          "line": 49,
          "column": 68
        }
      },
      "28": {
        "start": {
          "line": 51,
          "column": 21
        },
        "end": {
          "line": 51,
          "column": 42
        }
      },
      "29": {
        "start": {
          "line": 53,
          "column": 8
        },
        "end": {
          "line": 53,
          "column": 47
        }
      },
      "30": {
        "start": {
          "line": 55,
          "column": 8
        },
        "end": {
          "line": 55,
          "column": 57
        }
      },
      "31": {
        "start": {
          "line": 56,
          "column": 8
        },
        "end": {
          "line": 56,
          "column": 45
        }
      },
      "32": {
        "start": {
          "line": 60,
          "column": 4
        },
        "end": {
          "line": 60,
          "column": 20
        }
      },
      "33": {
        "start": {
          "line": 63,
          "column": 2
        },
        "end": {
          "line": 88,
          "column": 4
        }
      },
      "34": {
        "start": {
          "line": 75,
          "column": 12
        },
        "end": {
          "line": 81,
          "column": 14
        }
      }
    },
    "fnMap": {
      "0": {
        "name": "(anonymous_0)",
        "decl": {
          "start": {
            "line": 8,
            "column": 17
          },
          "end": {
            "line": 8,
            "column": 18
          }
        },
        "loc": {
          "start": {
            "line": 8,
            "column": 23
          },
          "end": {
            "line": 89,
            "column": 1
          }
        },
        "line": 8
      },
      "1": {
        "name": "(anonymous_1)",
        "decl": {
          "start": {
            "line": 15,
            "column": 30
          },
          "end": {
            "line": 15,
            "column": 31
          }
        },
        "loc": {
          "start": {
            "line": 15,
            "column": 41
          },
          "end": {
            "line": 21,
            "column": 3
          }
        },
        "line": 15
      },
      "2": {
        "name": "(anonymous_2)",
        "decl": {
          "start": {
            "line": 27,
            "column": 12
          },
          "end": {
            "line": 27,
            "column": 13
          }
        },
        "loc": {
          "start": {
            "line": 27,
            "column": 18
          },
          "end": {
            "line": 41,
            "column": 3
          }
        },
        "line": 27
      },
      "3": {
        "name": "(anonymous_3)",
        "decl": {
          "start": {
            "line": 28,
            "column": 25
          },
          "end": {
            "line": 28,
            "column": 26
          }
        },
        "loc": {
          "start": {
            "line": 28,
            "column": 31
          },
          "end": {
            "line": 31,
            "column": 5
          }
        },
        "line": 28
      },
      "4": {
        "name": "(anonymous_4)",
        "decl": {
          "start": {
            "line": 38,
            "column": 11
          },
          "end": {
            "line": 38,
            "column": 12
          }
        },
        "loc": {
          "start": {
            "line": 38,
            "column": 17
          },
          "end": {
            "line": 40,
            "column": 5
          }
        },
        "line": 38
      },
      "5": {
        "name": "(anonymous_5)",
        "decl": {
          "start": {
            "line": 44,
            "column": 12
          },
          "end": {
            "line": 44,
            "column": 13
          }
        },
        "loc": {
          "start": {
            "line": 44,
            "column": 18
          },
          "end": {
            "line": 61,
            "column": 3
          }
        },
        "line": 44
      },
      "6": {
        "name": "(anonymous_6)",
        "decl": {
          "start": {
            "line": 45,
            "column": 26
          },
          "end": {
            "line": 45,
            "column": 27
          }
        },
        "loc": {
          "start": {
            "line": 45,
            "column": 38
          },
          "end": {
            "line": 58,
            "column": 5
          }
        },
        "line": 45
      },
      "7": {
        "name": "(anonymous_7)",
        "decl": {
          "start": {
            "line": 74,
            "column": 24
          },
          "end": {
            "line": 74,
            "column": 25
          }
        },
        "loc": {
          "start": {
            "line": 75,
            "column": 12
          },
          "end": {
            "line": 81,
            "column": 14
          }
        },
        "line": 75
      }
    },
    "branchMap": {
      "0": {
        "loc": {
          "start": {
            "line": 16,
            "column": 4
          },
          "end": {
            "line": 16,
            "column": 31
          }
        },
        "type": "if",
        "locations": [
          {
            "start": {
              "line": 16,
              "column": 4
            },
            "end": {
              "line": 16,
              "column": 31
            }
          },
          {
            "start": {
              "line": 16,
              "column": 4
            },
            "end": {
              "line": 16,
              "column": 31
            }
          }
        ],
        "line": 16
      },
      "1": {
        "loc": {
          "start": {
            "line": 17,
            "column": 4
          },
          "end": {
            "line": 17,
            "column": 30
          }
        },
        "type": "if",
        "locations": [
          {
            "start": {
              "line": 17,
              "column": 4
            },
            "end": {
              "line": 17,
              "column": 30
            }
          },
          {
            "start": {
              "line": 17,
              "column": 4
            },
            "end": {
              "line": 17,
              "column": 30
            }
          }
        ],
        "line": 17
      },
      "2": {
        "loc": {
          "start": {
            "line": 18,
            "column": 4
          },
          "end": {
            "line": 18,
            "column": 30
          }
        },
        "type": "if",
        "locations": [
          {
            "start": {
              "line": 18,
              "column": 4
            },
            "end": {
              "line": 18,
              "column": 30
            }
          },
          {
            "start": {
              "line": 18,
              "column": 4
            },
            "end": {
              "line": 18,
              "column": 30
            }
          }
        ],
        "line": 18
      },
      "3": {
        "loc": {
          "start": {
            "line": 19,
            "column": 4
          },
          "end": {
            "line": 19,
            "column": 30
          }
        },
        "type": "if",
        "locations": [
          {
            "start": {
              "line": 19,
              "column": 4
            },
            "end": {
              "line": 19,
              "column": 30
            }
          },
          {
            "start": {
              "line": 19,
              "column": 4
            },
            "end": {
              "line": 19,
              "column": 30
            }
          }
        ],
        "line": 19
      },
      "4": {
        "loc": {
          "start": {
            "line": 48,
            "column": 8
          },
          "end": {
            "line": 50,
            "column": 9
          }
        },
        "type": "if",
        "locations": [
          {
            "start": {
              "line": 48,
              "column": 8
            },
            "end": {
              "line": 50,
              "column": 9
            }
          },
          {
            "start": {
              "line": 48,
              "column": 8
            },
            "end": {
              "line": 50,
              "column": 9
            }
          }
        ],
        "line": 48
      },
      "5": {
        "loc": {
          "start": {
            "line": 71,
            "column": 9
          },
          "end": {
            "line": 71,
            "column": 62
          }
        },
        "type": "binary-expr",
        "locations": [
          {
            "start": {
              "line": 71,
              "column": 9
            },
            "end": {
              "line": 71,
              "column": 14
            }
          },
          {
            "start": {
              "line": 71,
              "column": 18
            },
            "end": {
              "line": 71,
              "column": 62
            }
          }
        ],
        "line": 71
      }
    },
    "s": {
      "0": 132,
      "1": 254,
      "2": 254,
      "3": 254,
      "4": 54,
      "5": 0,
      "6": 54,
      "7": 54,
      "8": 0,
      "9": 0,
      "10": 0,
      "11": 0,
      "12": 0,
      "13": 254,
      "14": 254,
      "15": 54,
      "16": 54,
      "17": 54,
      "18": 54,
      "19": 54,
      "20": 54,
      "21": 40,
      "22": 254,
      "23": 81,
      "24": 81,
      "25": 81,
      "26": 78,
      "27": 0,
      "28": 78,
      "29": 77,
      "30": 0,
      "31": 0,
      "32": 81,
      "33": 254,
      "34": 1076
    },
    "f": {
      "0": 254,
      "1": 54,
      "2": 54,
      "3": 54,
      "4": 40,
      "5": 81,
      "6": 81,
      "7": 1076
    },
    "b": {
      "0": [
        0,
        54
      ],
      "1": [
        54,
        0
      ],
      "2": [
        0,
        0
      ],
      "3": [
        0,
        0
      ],
      "4": [
        0,
        78
      ],
      "5": [
        254,
        0
      ]
    },
    "_coverageSchema": "1a1c01bbd47fc00a2c39e90264f33305004495a9",
    "hash": "c3945dff557ab60614c399f29473eacf1785ec69"
  },
  "C:\\Users\\vince\\Documents\\Capstone Testing_coverage\\Capstone_2024\\frontend\\src\\components\\Search.js": {
    "path": "C:\\Users\\vince\\Documents\\Capstone Testing_coverage\\Capstone_2024\\frontend\\src\\components\\Search.js",
    "statementMap": {
      "0": {
        "start": {
          "line": 6,
          "column": 15
        },
        "end": {
          "line": 36,
          "column": 1
        }
      },
      "1": {
        "start": {
          "line": 7,
          "column": 28
        },
        "end": {
          "line": 7,
          "column": 40
        }
      },
      "2": {
        "start": {
          "line": 9,
          "column": 23
        },
        "end": {
          "line": 13,
          "column": 3
        }
      },
      "3": {
        "start": {
          "line": 10,
          "column": 4
        },
        "end": {
          "line": 12,
          "column": 5
        }
      },
      "4": {
        "start": {
          "line": 11,
          "column": 6
        },
        "end": {
          "line": 11,
          "column": 22
        }
      },
      "5": {
        "start": {
          "line": 15,
          "column": 25
        },
        "end": {
          "line": 19,
          "column": 3
        }
      },
      "6": {
        "start": {
          "line": 16,
          "column": 4
        },
        "end": {
          "line": 18,
          "column": 5
        }
      },
      "7": {
        "start": {
          "line": 17,
          "column": 6
        },
        "end": {
          "line": 17,
          "column": 21
        }
      },
      "8": {
        "start": {
          "line": 21,
          "column": 2
        },
        "end": {
          "line": 35,
          "column": 4
        }
      },
      "9": {
        "start": {
          "line": 27,
          "column": 25
        },
        "end": {
          "line": 27,
          "column": 49
        }
      }
    },
    "fnMap": {
      "0": {
        "name": "(anonymous_0)",
        "decl": {
          "start": {
            "line": 6,
            "column": 15
          },
          "end": {
            "line": 6,
            "column": 16
          }
        },
        "loc": {
          "start": {
            "line": 6,
            "column": 33
          },
          "end": {
            "line": 36,
            "column": 1
          }
        },
        "line": 6
      },
      "1": {
        "name": "(anonymous_1)",
        "decl": {
          "start": {
            "line": 9,
            "column": 23
          },
          "end": {
            "line": 9,
            "column": 24
          }
        },
        "loc": {
          "start": {
            "line": 9,
            "column": 29
          },
          "end": {
            "line": 13,
            "column": 3
          }
        },
        "line": 9
      },
      "2": {
        "name": "(anonymous_2)",
        "decl": {
          "start": {
            "line": 15,
            "column": 25
          },
          "end": {
            "line": 15,
            "column": 26
          }
        },
        "loc": {
          "start": {
            "line": 15,
            "column": 32
          },
          "end": {
            "line": 19,
            "column": 3
          }
        },
        "line": 15
      },
      "3": {
        "name": "(anonymous_3)",
        "decl": {
          "start": {
            "line": 27,
            "column": 18
          },
          "end": {
            "line": 27,
            "column": 19
          }
        },
        "loc": {
          "start": {
            "line": 27,
            "column": 25
          },
          "end": {
            "line": 27,
            "column": 49
          }
        },
        "line": 27
      }
    },
    "branchMap": {
      "0": {
        "loc": {
          "start": {
            "line": 10,
            "column": 4
          },
          "end": {
            "line": 12,
            "column": 5
          }
        },
        "type": "if",
        "locations": [
          {
            "start": {
              "line": 10,
              "column": 4
            },
            "end": {
              "line": 12,
              "column": 5
            }
          },
          {
            "start": {
              "line": 10,
              "column": 4
            },
            "end": {
              "line": 12,
              "column": 5
            }
          }
        ],
        "line": 10
      },
      "1": {
        "loc": {
          "start": {
            "line": 16,
            "column": 4
          },
          "end": {
            "line": 18,
            "column": 5
          }
        },
        "type": "if",
        "locations": [
          {
            "start": {
              "line": 16,
              "column": 4
            },
            "end": {
              "line": 18,
              "column": 5
            }
          },
          {
            "start": {
              "line": 16,
              "column": 4
            },
            "end": {
              "line": 18,
              "column": 5
            }
          }
        ],
        "line": 16
      }
    },
    "s": {
      "0": 132,
      "1": 270,
      "2": 270,
      "3": 4,
      "4": 4,
      "5": 270,
      "6": 30,
      "7": 0,
      "8": 270,
      "9": 30
    },
    "f": {
      "0": 270,
      "1": 4,
      "2": 30,
      "3": 30
    },
    "b": {
      "0": [
        4,
        0
      ],
      "1": [
        0,
        30
      ]
    },
    "_coverageSchema": "1a1c01bbd47fc00a2c39e90264f33305004495a9",
    "hash": "40ecabae63535433f9ac9b9d71d4e18b23062dc5"
  },
  "C:\\Users\\vince\\Documents\\Capstone Testing_coverage\\Capstone_2024\\frontend\\src\\pages\\Browse.js": {
    "path": "C:\\Users\\vince\\Documents\\Capstone Testing_coverage\\Capstone_2024\\frontend\\src\\pages\\Browse.js",
    "statementMap": {
      "0": {
        "start": {
          "line": 11,
          "column": 34
        },
        "end": {
          "line": 11,
          "column": 46
        }
      },
      "1": {
        "start": {
          "line": 12,
          "column": 34
        },
        "end": {
          "line": 12,
          "column": 46
        }
      },
      "2": {
        "start": {
          "line": 13,
          "column": 44
        },
        "end": {
          "line": 13,
          "column": 56
        }
      },
      "3": {
        "start": {
          "line": 14,
          "column": 28
        },
        "end": {
          "line": 14,
          "column": 40
        }
      },
      "4": {
        "start": {
          "line": 17,
          "column": 2
        },
        "end": {
          "line": 24,
          "column": 9
        }
      },
      "5": {
        "start": {
          "line": 18,
          "column": 4
        },
        "end": {
          "line": 23,
          "column": 72
        }
      },
      "6": {
        "start": {
          "line": 19,
          "column": 24
        },
        "end": {
          "line": 19,
          "column": 39
        }
      },
      "7": {
        "start": {
          "line": 21,
          "column": 8
        },
        "end": {
          "line": 21,
          "column": 26
        }
      },
      "8": {
        "start": {
          "line": 23,
          "column": 22
        },
        "end": {
          "line": 23,
          "column": 70
        }
      },
      "9": {
        "start": {
          "line": 27,
          "column": 23
        },
        "end": {
          "line": 41,
          "column": 3
        }
      },
      "10": {
        "start": {
          "line": 28,
          "column": 4
        },
        "end": {
          "line": 28,
          "column": 26
        }
      },
      "11": {
        "start": {
          "line": 30,
          "column": 4
        },
        "end": {
          "line": 40,
          "column": 5
        }
      },
      "12": {
        "start": {
          "line": 31,
          "column": 6
        },
        "end": {
          "line": 37,
          "column": 7
        }
      },
      "13": {
        "start": {
          "line": 32,
          "column": 25
        },
        "end": {
          "line": 32,
          "column": 124
        }
      },
      "14": {
        "start": {
          "line": 33,
          "column": 21
        },
        "end": {
          "line": 33,
          "column": 42
        }
      },
[...]
            "column": 59
          }
        },
        "type": "cond-expr",
        "locations": [
          {
            "start": {
              "line": 108,
              "column": 46
            },
            "end": {
              "line": 108,
              "column": 54
            }
          },
          {
            "start": {
              "line": 108,
              "column": 57
            },
            "end": {
              "line": 108,
              "column": 59
            }
          }
        ],
        "line": 108
      },
      "12": {
        "loc": {
          "start": {
            "line": 111,
            "column": 17
          },
          "end": {
            "line": 117,
            "column": 17
          }
        },
        "type": "binary-expr",
        "locations": [
          {
            "start": {
              "line": 111,
              "column": 17
            },
            "end": {
              "line": 111,
              "column": 27
            }
          },
          {
            "start": {
              "line": 112,
              "column": 20
            },
            "end": {
              "line": 116,
              "column": 22
            }
          }
        ],
        "line": 111
      },
      "13": {
        "loc": {
          "start": {
            "line": 118,
            "column": 17
          },
          "end": {
            "line": 125,
            "column": 17
          }
        },
        "type": "binary-expr",
        "locations": [
          {
            "start": {
              "line": 118,
              "column": 17
            },
            "end": {
              "line": 118,
              "column": 27
            }
          },
          {
            "start": {
              "line": 119,
              "column": 20
            },
            "end": {
              "line": 124,
              "column": 22
            }
          }
        ],
        "line": 118
      },
      "14": {
        "loc": {
          "start": {
            "line": 126,
            "column": 17
          },
          "end": {
            "line": 134,
            "column": 17
          }
        },
        "type": "binary-expr",
        "locations": [
          {
            "start": {
              "line": 126,
              "column": 17
            },
            "end": {
              "line": 126,
              "column": 27
            }
          },
          {
            "start": {
              "line": 127,
              "column": 20
            },
            "end": {
              "line": 133,
              "column": 26
            }
          }
        ],
        "line": 126
      }
    },
    "s": {
      "0": 132,
      "1": 1388,
      "2": 1388,
      "3": 1388,
      "4": 1388,
      "5": 1388,
      "6": 26,
      "7": 52,
      "8": 1388,
      "9": 2,
      "10": 4,
      "11": 1388,
      "12": 630,
      "13": 630,
      "14": 1216,
      "15": 1388,
      "16": 4,
      "17": 4,
      "18": 0,
      "19": 4,
      "20": 4,
      "21": 4,
      "22": 4,
      "23": 4,
      "24": 4,
      "25": 4,
      "26": 42,
      "27": 4,
      "28": 0,
      "29": 0,
      "30": 4,
      "31": 2,
      "32": 2,
      "33": 2,
      "34": 0,
      "35": 0,
      "36": 4,
      "37": 4,
      "38": 4,
      "39": 4,
      "40": 4,
      "41": 0,
      "42": 0,
      "43": 0,
      "44": 4,
      "45": 1388,
      "46": 158,
      "47": 378,
      "48": 94
    },
    "f": {
      "0": 1388,
      "1": 26,
      "2": 52,
      "3": 2,
      "4": 4,
      "5": 630,
      "6": 1216,
      "7": 4,
      "8": 42,
      "9": 158,
      "10": 378,
      "11": 94
    },
    "b": {
      "0": [
        0,
        4
      ],
      "1": [
        42,
        4
      ],
      "2": [
        0,
        4
      ],
      "3": [
        2,
        2
      ],
      "4": [
        4,
        2
      ],
      "5": [
        2,
        0
      ],
      "6": [
        2,
        2
      ],
      "7": [
        0,
        0
      ],
      "8": [
        4,
        0
      ],
      "9": [
        384,
        1004
      ],
      "10": [
        796,
        592
      ],
      "11": [
        208,
        1180
      ],
      "12": [
        1388,
        384
      ],
      "13": [
        1388,
        796
      ],
      "14": [
        1388,
        208
      ]
    },
    "_coverageSchema": "1a1c01bbd47fc00a2c39e90264f33305004495a9",
    "hash": "fbfc4bf7fd7c988b3164cc203aa782b5f493617a"
  },
  "C:\\Users\\vince\\Documents\\Capstone Testing_coverage\\Capstone_2024\\frontend\\src\\pages\\CustomOrder\\orderCustom.js": {
    "path": "C:\\Users\\vince\\Documents\\Capstone Testing_coverage\\Capstone_2024\\frontend\\src\\pages\\CustomOrder\\orderCustom.js",
    "statementMap": {
      "0": {
        "start": {
          "line": 7,
          "column": 26
        },
        "end": {
          "line": 30,
          "column": 1
        }
      },
      "1": {
        "start": {
          "line": 8,
          "column": 21
        },
        "end": {
          "line": 8,
          "column": 34
        }
      },
      "2": {
        "start": {
          "line": 9,
          "column": 21
        },
        "end": {
          "line": 9,
          "column": 35
        }
      },
      "3": {
        "start": {
          "line": 11,
          "column": 4
        },
        "end": {
          "line": 29,
          "column": 6
        }
      }
    },
    "fnMap": {
      "0": {
        "name": "(anonymous_0)",
        "decl": {
          "start": {
            "line": 7,
            "column": 26
          },
          "end": {
            "line": 7,
            "column": 27
          }
        },
        "loc": {
          "start": {
            "line": 7,
            "column": 32
          },
          "end": {
            "line": 30,
            "column": 1
          }
        },
        "line": 7
      }
    },
    "branchMap": {},
    "s": {
      "0": 132,
      "1": 8,
      "2": 8,
      "3": 8
    },
    "f": {
      "0": 8
    },
    "b": {},
    "_coverageSchema": "1a1c01bbd47fc00a2c39e90264f33305004495a9",
    "hash": "0d9c718ca47deb233c559bdfdf4780405c47d2db"
  },
  "C:\\Users\\vince\\Documents\\Capstone Testing_coverage\\Capstone_2024\\frontend\\src\\pages\\ResetPassword.js": {
    "path": "C:\\Users\\vince\\Documents\\Capstone Testing_coverage\\Capstone_2024\\frontend\\src\\pages\\ResetPassword.js",
    "statementMap": {
      "0": {
        "start": {
          "line": 10,
          "column": 20
        },
        "end": {
          "line": 10,
          "column": 31
        }
      },
      "1": {
        "start": {
          "line": 12,
          "column": 40
        },
        "end": {
          "line": 12,
          "column": 52
        }
      },
      "2": {
        "start": {
          "line": 13,
          "column": 32
        },
        "end": {
          "line": 13,
          "column": 44
        }
      },
      "3": {
        "start": {
          "line": 14,
          "column": 42
        },
        "end": {
          "line": 14,
          "column": 56
        }
      },
      "4": {
        "start": {
          "line": 17,
          "column": 24
        },
        "end": {
          "line": 19,
          "column": 3
        }
      },
      "5": {
        "start": {
          "line": 18,
          "column": 4
        },
        "end": {
          "line": 18,
          "column": 27
        }
      },
      "6": {
        "start": {
          "line": 22,
          "column": 23
        },
        "end": {
          "line": 45,
          "column": 3
        }
      },
      "7": {
        "start": {
          "line": 23,
          "column": 4
        },
        "end": {
          "line": 23,
          "column": 23
        }
      },
      "8": {
        "start": {
          "line": 26,
          "column": 4
        },
        "end": {
          "line": 29,
          "column": 5
        }
      },
      "9": {
        "start": {
          "line": 27,
          "column": 6
        },
        "end": {
          "line": 27,
          "column": 49
        }
      },
      "10": {
        "start": {
          "line": 28,
          "column": 6
        },
        "end": {
          "line": 28,
          "column": 13
        }
      },
      "11": {
        "start": {
          "line": 31,
          "column": 4
        },
        "end": {
          "line": 44,
          "column": 5
        }
      },
      "12": {
        "start": {
          "line": 33,
          "column": 23
        },
        "end": {
          "line": 37,
          "column": 8
        }
      },
      "13": {
        "start": {
          "line": 40,
          "column": 21
        },
        "end": {
          "line": 40,
          "column": 42
        }
      },
      "14": {
        "start": {
          "line": 41,
          "column": 6
        },
        "end": {
          "line": 41,
          "column": 33
        }
      },
      "15": {
        "start": {
          "line": 43,
          "column": 6
        },
        "end": {
          "line": 43,
          "column": 46
        }
      },
      "16": {
        "start": {
          "line": 47,
          "column": 2
        },
        "end": {
          "line": 77,
          "column": 4
        }
      },
      "17": {
        "start": {
          "line": 59,
          "column": 31
        },
        "end": {
          "line": 59,
          "column": 61
        }
      }
    },
    "fnMap": {
      "0": {
        "name": "ResetPassword",
        "decl": {
          "start": {
            "line": 8,
            "column": 9
          },
          "end": {
            "line": 8,
            "column": 22
          }
        },
        "loc": {
          "start": {
            "line": 8,
            "column": 25
          },
          "end": {
            "line": 78,
            "column": 1
          }
        },
        "line": 8
      },
      "1": {
        "name": "(anonymous_1)",
        "decl": {
          "start": {
            "line": 17,
            "column": 24
          },
          "end": {
            "line": 17,
            "column": 25
          }
        },
        "loc": {
          "start": {
            "line": 17,
            "column": 35
          },
          "end": {
            "line": 19,
            "column": 3
          }
        },
        "line": 17
      },
      "2": {
        "name": "(anonymous_2)",
        "decl": {
          "start": {
            "line": 22,
            "column": 23
          },
          "end": {
            "line": 22,
            "column": 24
          }
        },
        "loc": {
          "start": {
            "line": 22,
            "column": 36
          },
          "end": {
            "line": 45,
            "column": 3
          }
        },
        "line": 22
      },
      "3": {
        "name": "(anonymous_3)",
        "decl": {
          "start": {
            "line": 59,
            "column": 24
          },
          "end": {
            "line": 59,
            "column": 25
          }
        },
        "loc": {
          "start": {
            "line": 59,
            "column": 31
          },
          "end": {
            "line": 59,
            "column": 61
          }
        },
        "line": 59
      }
    },
    "branchMap": {
      "0": {
        "loc": {
          "start": {
            "line": 26,
            "column": 4
          },
          "end": {
            "line": 29,
            "column": 5
          }
        },
        "type": "if",
        "locations": [
          {
            "start": {
              "line": 26,
              "column": 4
            },
            "end": {
              "line": 29,
              "column": 5
            }
          },
          {
            "start": {
              "line": 26,
              "column": 4
            },
            "end": {
              "line": 29,
              "column": 5
            }
          }
        ],
        "line": 26
      },
      "1": {
        "loc": {
          "start": {
            "line": 71,
            "column": 11
          },
          "end": {
            "line": 71,
            "column": 38
          }
        },
        "type": "binary-expr",
        "locations": [
          {
            "start": {
              "line": 71,
              "column": 11
            },
            "end": {
              "line": 71,
              "column": 18
            }
          },
          {
            "start": {
              "line": 71,
              "column": 22
            },
            "end": {
              "line": 71,
              "column": 38
            }
          }
        ],
        "line": 71
      }
    },
    "s": {
      "0": 0,
      "1": 0,
      "2": 0,
      "3": 0,
      "4": 0,
      "5": 0,
      "6": 0,
      "7": 0,
      "8": 0,
      "9": 0,
      "10": 0,
      "11": 0,
      "12": 0,
      "13": 0,
      "14": 0,
      "15": 0,
      "16": 0,
      "17": 0
    },
    "f": {
      "0": 0,
      "1": 0,
      "2": 0,
      "3": 0
    },
    "b": {
      "0": [
        0,
        0
      ],
      "1": [
        0,
        0
      ]
    },
    "_coverageSchema": "1a1c01bbd47fc00a2c39e90264f33305004495a9",
    "hash": "0b23fd0c5e2036437d4d9d4da978ca4c6dc3da5c"
  },
  "C:\\Users\\vince\\Documents\\Capstone Testing_coverage\\Capstone_2024\\frontend\\src\\Directions.js": {
    "path": "C:\\Users\\vince\\Documents\\Capstone Testing_coverage\\Capstone_2024\\frontend\\src\\Directions.js",
    "statementMap": {
      "0": {
        "start": {
          "line": 23,
          "column": 19
        },
        "end": {
          "line": 49,
          "column": 1
        }
      },
      "1": {
        "start": {
          "line": 24,
          "column": 4
        },
        "end": {
          "line": 48,
          "column": 6
        }
      }
    },
    "fnMap": {
      "0": {
        "name": "(anonymous_0)",
        "decl": {
          "start": {
            "line": 23,
            "column": 19
          },
          "end": {
            "line": 23,
            "column": 20
          }
        },
        "loc": {
          "start": {
            "line": 23,
            "column": 25
          },
          "end": {
            "line": 49,
            "column": 1
          }
        },
        "line": 23
      }
    },
    "branchMap": {},
    "s": {
      "0": 132,
      "1": 276
    },
    "f": {
      "0": 276
    },
    "b": {},
    "_coverageSchema": "1a1c01bbd47fc00a2c39e90264f33305004495a9",
    "hash": "f7f9ceef3abc5ab32267def80630c51d833e750f"
  },
  "C:\\Users\\vince\\Documents\\Capstone Testing_coverage\\Capstone_2024\\frontend\\src\\reportWebVitals.js": {
    "path": "C:\\Users\\vince\\Documents\\Capstone Testing_coverage\\Capstone_2024\\frontend\\src\\reportWebVitals.js",
    "statementMap": {
      "0": {
        "start": {
          "line": 1,
          "column": 24
        },
        "end": {
          "line": 11,
          "column": 1
        }
      },
      "1": {
        "start": {
          "line": 2,
          "column": 2
        },
        "end": {
          "line": 10,
          "column": 3
        }
      },
      "2": {
        "start": {
          "line": 3,
          "column": 4
        },
        "end": {
          "line": 9,
          "column": 7
        }
      },
      "3": {
        "start": {
          "line": 4,
          "column": 6
        },
        "end": {
          "line": 4,
          "column": 26
        }
      },
      "4": {
        "start": {
          "line": 5,
          "column": 6
        },
        "end": {
          "line": 5,
          "column": 26
        }
      },
      "5": {
        "start": {
          "line": 6,
          "column": 6
        },
        "end": {
          "line": 6,
          "column": 26
        }
      },
      "6": {
        "start": {
          "line": 7,
          "column": 6
        },
        "end": {
          "line": 7,
          "column": 26
        }
      },
      "7": {
        "start": {
          "line": 8,
          "column": 6
        },
        "end": {
          "line": 8,
          "column": 27
        }
      }
    },
    "fnMap": {
      "0": {
        "name": "(anonymous_0)",
        "decl": {
          "start": {
            "line": 1,
            "column": 24
          },
          "end": {
            "line": 1,
            "column": 25
          }
        },
        "loc": {
          "start": {
            "line": 1,
            "column": 39
          },
          "end": {
            "line": 11,
            "column": 1
          }
        },
        "line": 1
      },
      "1": {
        "name": "(anonymous_1)",
        "decl": {
          "start": {
            "line": 3,
            "column": 30
          },
          "end": {
            "line": 3,
            "column": 31
          }
        },
        "loc": {
          "start": {
            "line": 3,
            "column": 79
          },
          "end": {
            "line": 9,
            "column": 5
          }
        },
        "line": 3
      }
    },
    "branchMap": {
      "0": {
        "loc": {
          "start": {
            "line": 2,
            "column": 2
          },
          "end": {
            "line": 10,
            "column": 3
          }
        },
        "type": "if",
        "locations": [
          {
            "start": {
              "line": 2,
              "column": 2
            },
            "end": {
              "line": 10,
              "column": 3
            }
          },
          {
            "start": {
              "line": 2,
              "column": 2
            },
            "end": {
              "line": 10,
              "column": 3
            }
          }
        ],
        "line": 2
      },
      "1": {
        "loc": {
          "start": {
            "line": 2,
            "column": 6
          },
          "end": {
            "line": 2,
            "column": 52
          }
        },
        "type": "binary-expr",
        "locations": [
          {
            "start": {
              "line": 2,
              "column": 6
            },
            "end": {
              "line": 2,
              "column": 17
            }
          },
          {
            "start": {
              "line": 2,
              "column": 21
            },
            "end": {
              "line": 2,
              "column": 52
            }
          }
        ],
        "line": 2
      }
    },
    "s": {
      "0": 132,
      "1": 132,
      "2": 0,
      "3": 0,
      "4": 0,
      "5": 0,
      "6": 0,
      "7": 0
    },
    "f": {
      "0": 132,
      "1": 0
    },
    "b": {
      "0": [
        0,
        132
      ],
      "1": [
        132,
        0
      ]
    },
    "_coverageSchema": "1a1c01bbd47fc00a2c39e90264f33305004495a9",
    "hash": "174d0c7cde7c333c77eb19b160774dacb37a9524"
  },
  "C:\\Users\\vince\\Documents\\Capstone Testing_coverage\\Capstone_2024\\frontend\\src\\index.js": {
    "path": "C:\\Users\\vince\\Documents\\Capstone Testing_coverage\\Capstone_2024\\frontend\\src\\index.js",
    "statementMap": {
      "0": {
        "start": {
          "line": 8,
          "column": 13
        },
        "end": {
          "line": 8,
          "column": 65
        }
      },
      "1": {
        "start": {
          "line": 9,
          "column": 0
        },
        "end": {
          "line": 15,
          "column": 2
        }
      },
      "2": {
        "start": {
          "line": 20,
          "column": 0
        },
        "end": {
          "line": 20,
          "column": 18
        }
      }
    },
    "fnMap": {},
    "branchMap": {},
    "s": {
      "0": 132,
      "1": 132,
      "2": 132
    },
    "f": {},
    "b": {},
    "_coverageSchema": "1a1c01bbd47fc00a2c39e90264f33305004495a9",
    "hash": "14a30336aca3f3a1d61e0ff47bf9138eeeb944bb"
  }
}